[LOG] System::create                           : Header version = 2.01.07. Current version = 2.01.07.
[LOG] Manager::init                            : maxchannels = 256 studioflags = 00000006 flags 00000000 extradriverdata 0000000000000000.
[LOG] SystemI::init                            : Initialize version=20107 (113487), maxchannels=256, flags=0x00020000
[LOG] SystemI::setOutputInternal               : Setting output to 'FMOD WASAPI Output'
[LOG] OutputWASAPI::init                       : Mix Format (WAVEFORMATEX): wFormatTag=0xFFFE, nChannels=2, nSamplesPerSec=44100, nAvgBytesPerSec=352800, nBlockAlign=8, wBitsPerSample=32, cbSize=22.
[LOG] OutputWASAPI::init                       : Mix Format (WAVEFORMATEXTENSIBLE): wValidBitsPerSample=32, dwChannelMask=0x00000003, SubFormat=00000003-0000-0010-8000-00AA00389B71.
[LOG] OutputWASAPI::init                       : Output buffer size: 3760 samples, latency: 0.00ms, period: 10.00ms, DSP buffer: 1024 * 4
[LOG] SystemI::init                            : Output requires a sample rate of 44100Hz, resampling will occur.
[LOG] Thread::initThread                       : Init FMOD stream thread. Affinity: 0x8000000000000003, Priority: 0xFFFF7FFB, Stack Size: 98304, Semaphore: No, Sleep Time: 10, Looping: Yes.
[LOG] Thread::initThread                       : Init FMOD mixer thread. Affinity: 0x8000000000000001, Priority: 0xFFFF7FFA, Stack Size: 81920, Semaphore: No, Sleep Time: 0, Looping: Yes.
[LOG] AsyncManager::init                       : manager 0000017C63616188 isAsync 0 updatePeriod 0.02
[LOG] AsyncManager::init                       : done
[LOG] PlaybackSystem::init                     : 
[LOG] Thread::initThread                       : Init FMOD Studio sample load thread. Affinity: 0x8000000000000003, Priority: 0xFFFF7FFD, Stack Size: 98304, Semaphore: No, Sleep Time: 1, Looping: No.
[LOG] PlaybackSystem::init                     : done
[LOG] Thread::initThread                       : Init FMOD Studio bank load thread. Affinity: 0x8000000000000003, Priority: 0xFFFF7FFD, Stack Size: 98304, Semaphore: No, Sleep Time: 1, Looping: No.
[LOG] Manager::init                            : done.
[LOG] Manager::readBank                        : fileversion = 135, compatVersion = 132 (oldest = 44, newest = 135)
[LOG] SystemI::createSoundInternal             : Create name='', mode=0x02000202
[LOG] SystemI::createSoundInternal             : exinfo->cbsize             = 224
[LOG] SystemI::createSoundInternal             : exinfo->length             = 7437600
[LOG] SystemI::createSoundInternal             : exinfo->fileoffset         = 29888
[LOG] SystemI::createSoundInternal             : exinfo->numsubsounds       = 1
[LOG] SystemI::createSoundInternal             : exinfo->inclusionlist      = 0000004B5583F538
[LOG] SystemI::createSoundInternal             : exinfo->inclusionlistnum   = 1
[LOG] SystemI::createSoundInternal             : exinfo->suggestedsoundtype = 5
[LOG] SystemI::createSoundInternal             : exinfo->useropen           = 00007FFE23F87B10
[LOG] SystemI::createSoundInternal             : exinfo->userclose          = 00007FFE23F87AE0
[LOG] SystemI::createSoundInternal             : exinfo->userread           = 00007FFE23F87BE0
[LOG] SystemI::createSoundInternal             : exinfo->userseek           = 00007FFE23F87CA0
[LOG] SystemI::createSoundInternal             : exinfo->fileuserdata       = 0000017B55352A58
[LOG] SystemI::createSoundInternal             : exinfo->initialseekpostype = 1
[LOG] SystemI::DSPCodecPoolRegister            : register codec pool for pool type 5
[LOG] SystemI::createSoundInternal             : Sample 0/1: name='Button Sound 03', format=5, channels=1, frequency=48000, lengthbytes=10592, lengthpcm=142376, pcmblocksize=0, loopstart=0, loopend=0, mode=0x00000000, channelmask=0x00000000, channelorder=0, peakvolume=0.988500.
[LOG] SystemI::createSoundInternal             : Create name='', mode=0x02000202
[LOG] SystemI::createSoundInternal             : exinfo->cbsize             = 224
[LOG] SystemI::createSoundInternal             : exinfo->length             = 7437600
[LOG] SystemI::createSoundInternal             : exinfo->fileoffset         = 29888
[LOG] SystemI::createSoundInternal             : exinfo->numsubsounds       = 1
[LOG] SystemI::createSoundInternal             : exinfo->inclusionlist      = 0000004B5583F538
[LOG] SystemI::createSoundInternal             : exinfo->inclusionlistnum   = 1
[LOG] SystemI::createSoundInternal             : exinfo->suggestedsoundtype = 5
[LOG] SystemI::createSoundInternal             : exinfo->useropen           = 00007FFE23F87B10
[LOG] SystemI::createSoundInternal             : exinfo->userclose          = 00007FFE23F87AE0
[LOG] SystemI::createSoundInternal             : exinfo->userread           = 00007FFE23F87BE0
[LOG] SystemI::createSoundInternal             : exinfo->userseek           = 00007FFE23F87CA0
[LOG] SystemI::createSoundInternal             : exinfo->fileuserdata       = 0000017B55352A58
[LOG] SystemI::createSoundInternal             : exinfo->initialseekpostype = 1
[LOG] SystemI::DSPCodecPoolRegister            : register codec pool for pool type 5
[LOG] SystemI::createSoundInternal             : Sample 0/1: name='Button Sound 02', format=5, channels=1, frequency=48000, lengthbytes=11040, lengthpcm=142376, pcmblocksize=0, loopstart=0, loopend=0, mode=0x00000000, channelmask=0x00000000, channelorder=0, peakvolume=0.988500.
[LOG] SystemI::createSoundInternal             : Create name='', mode=0x02000202
[LOG] SystemI::createSoundInternal             : exinfo->cbsize             = 224
[LOG] SystemI::createSoundInternal             : exinfo->length             = 7437600
[LOG] SystemI::createSoundInternal             : exinfo->fileoffset         = 29888
[LOG] SystemI::createSoundInternal             : exinfo->numsubsounds       = 1
[LOG] SystemI::createSoundInternal             : exinfo->inclusionlist      = 0000004B5583F538
[LOG] SystemI::createSoundInternal             : exinfo->inclusionlistnum   = 1
[LOG] SystemI::createSoundInternal             : exinfo->suggestedsoundtype = 5
[LOG] SystemI::createSoundInternal             : exinfo->useropen           = 00007FFE23F87B10
[LOG] SystemI::createSoundInternal             : exinfo->userclose          = 00007FFE23F87AE0
[LOG] SystemI::createSoundInternal             : exinfo->userread           = 00007FFE23F87BE0
[LOG] SystemI::createSoundInternal             : exinfo->userseek           = 00007FFE23F87CA0
[LOG] SystemI::createSoundInternal             : exinfo->fileuserdata       = 0000017B55352A58
[LOG] SystemI::createSoundInternal             : exinfo->initialseekpostype = 1
[LOG] SystemI::DSPCodecPoolRegister            : register codec pool for pool type 5
[LOG] SystemI::createSoundInternal             : Sample 0/1: name='Button Sound 01', format=5, channels=1, frequency=48000, lengthbytes=7616, lengthpcm=71044, pcmblocksize=0, loopstart=0, loopend=0, mode=0x00000000, channelmask=0x00000000, channelorder=0, peakvolume=0.988500.
[LOG] SystemI::createSoundInternal             : Create name='', mode=0x02000202
[LOG] SystemI::createSoundInternal             : exinfo->cbsize             = 224
[LOG] SystemI::createSoundInternal             : exinfo->length             = 7437600
[LOG] SystemI::createSoundInternal             : exinfo->fileoffset         = 29888
[LOG] SystemI::createSoundInternal             : exinfo->numsubsounds       = 1
[LOG] SystemI::createSoundInternal             : exinfo->inclusionlist      = 0000004B5583F538
[LOG] SystemI::createSoundInternal             : exinfo->inclusionlistnum   = 1
[LOG] SystemI::createSoundInternal             : exinfo->suggestedsoundtype = 5
[LOG] SystemI::createSoundInternal             : exinfo->useropen           = 00007FFE23F87B10
[LOG] SystemI::createSoundInternal             : exinfo->userclose          = 00007FFE23F87AE0
[LOG] SystemI::createSoundInternal             : exinfo->userread           = 00007FFE23F87BE0
[LOG] SystemI::createSoundInternal             : exinfo->userseek           = 00007FFE23F87CA0
[LOG] SystemI::createSoundInternal             : exinfo->fileuserdata       = 0000017B55352A58
[LOG] SystemI::createSoundInternal             : exinfo->initialseekpostype = 1
[LOG] SystemI::DSPCodecPoolRegister            : register codec pool for pool type 5
[LOG] SystemI::createSoundInternal             : Sample 0/1: name='Button Sound 04', format=5, channels=1, frequency=48000, lengthbytes=6848, lengthpcm=48751, pcmblocksize=0, loopstart=0, loopend=0, mode=0x00000000, channelmask=0x00000000, channelorder=0, peakvolume=0.988500.
[LOG] Manager::readBank                        : fileversion = 135, compatVersion = 132 (oldest = 44, newest = 135)
[LOG] Manager::readBank                        : fileversion = 135, compatVersion = 132 (oldest = 44, newest = 135)
[LOG] Manager::readBank                        : fileversion = 135, compatVersion = 132 (oldest = 44, newest = 135)
[LOG] Manager::readBank                        : fileversion = 135, compatVersion = 132 (oldest = 44, newest = 135)
[LOG] SystemI::createSoundInternal             : Create name='', mode=0x02000202
[LOG] SystemI::createSoundInternal             : exinfo->cbsize             = 224
[LOG] SystemI::createSoundInternal             : exinfo->length             = 7437600
[LOG] SystemI::createSoundInternal             : exinfo->fileoffset         = 29888
[LOG] SystemI::createSoundInternal             : exinfo->numsubsounds       = 1
[LOG] SystemI::createSoundInternal             : exinfo->inclusionlist      = 0000004B5583F538
[LOG] SystemI::createSoundInternal             : exinfo->inclusionlistnum   = 1
[LOG] SystemI::createSoundInternal             : exinfo->suggestedsoundtype = 5
[LOG] SystemI::createSoundInternal             : exinfo->useropen           = 00007FFE23F87B10
[LOG] SystemI::createSoundInternal             : exinfo->userclose          = 00007FFE23F87AE0
[LOG] SystemI::createSoundInternal             : exinfo->userread           = 00007FFE23F87BE0
[LOG] SystemI::createSoundInternal             : exinfo->userseek           = 00007FFE23F87CA0
[LOG] SystemI::createSoundInternal             : exinfo->fileuserdata       = 0000017BAB0A8098
[LOG] SystemI::createSoundInternal             : exinfo->initialseekpostype = 1
[LOG] SystemI::DSPCodecPoolRegister            : register codec pool for pool type 5
[LOG] SystemI::createSoundInternal             : Sample 0/1: name='Button Sound Short Variation Medium', format=5, channels=1, frequency=48000, lengthbytes=1120, lengthpcm=73978, pcmblocksize=0, loopstart=0, loopend=0, mode=0x00000000, channelmask=0x00000000, channelorder=0, peakvolume=0.988373.
[LOG] Manager::readBank                        : fileversion = 135, compatVersion = 132 (oldest = 44, newest = 135)
[LOG] Manager::readBank                        : fileversion = 135, compatVersion = 132 (oldest = 44, newest = 135)
[LOG] Manager::readBank                        : fileversion = 135, compatVersion = 132 (oldest = 44, newest = 135)
[LOG] SystemI::createSoundInternal             : Create name='', mode=0x02000202
[LOG] SystemI::createSoundInternal             : exinfo->cbsize             = 224
[LOG] SystemI::createSoundInternal             : exinfo->length             = 7437600
[LOG] SystemI::createSoundInternal             : exinfo->fileoffset         = 29888
[LOG] SystemI::createSoundInternal             : exinfo->numsubsounds       = 1
[LOG] SystemI::createSoundInternal             : exinfo->inclusionlist      = 0000004B5583F538
[LOG] SystemI::createSoundInternal             : exinfo->inclusionlistnum   = 1
[LOG] SystemI::createSoundInternal             : exinfo->suggestedsoundtype = 5
[LOG] SystemI::createSoundInternal             : exinfo->useropen           = 00007FFE23F87B10
[LOG] SystemI::createSoundInternal             : exinfo->userclose          = 00007FFE23F87AE0
[LOG] SystemI::createSoundInternal             : exinfo->userread           = 00007FFE23F87BE0
[LOG] SystemI::createSoundInternal             : exinfo->userseek           = 00007FFE23F87CA0
[LOG] SystemI::createSoundInternal             : exinfo->fileuserdata       = 0000017BA9894C48
[LOG] SystemI::createSoundInternal             : exinfo->initialseekpostype = 1
[LOG] SystemI::DSPCodecPoolRegister            : register codec pool for pool type 5
[LOG] SystemI::createSoundInternal             : Sample 0/1: name='Mission success 00', format=5, channels=1, frequency=48000, lengthbytes=24000, lengthpcm=142942, pcmblocksize=0, loopstart=0, loopend=0, mode=0x00000000, channelmask=0x00000000, channelorder=0, peakvolume=0.982758.
[LOG] SystemI::createSoundInternal             : Create name='', mode=0x02000202
[LOG] SystemI::createSoundInternal             : exinfo->cbsize             = 224
[LOG] SystemI::createSoundInternal             : exinfo->length             = 7437600
[LOG] SystemI::createSoundInternal             : exinfo->fileoffset         = 29888
[LOG] SystemI::createSoundInternal             : exinfo->numsubsounds       = 1
[LOG] SystemI::createSoundInternal             : exinfo->inclusionlist      = 0000004B5583F538
[LOG] SystemI::createSoundInternal             : exinfo->inclusionlistnum   = 1
[LOG] SystemI::createSoundInternal             : exinfo->suggestedsoundtype = 5
[LOG] SystemI::createSoundInternal             : exinfo->useropen           = 00007FFE23F87B10
[LOG] SystemI::createSoundInternal             : exinfo->userclose          = 00007FFE23F87AE0
[LOG] SystemI::createSoundInternal             : exinfo->userread           = 00007FFE23F87BE0
[LOG] SystemI::createSoundInternal             : exinfo->userseek           = 00007FFE23F87CA0
[LOG] SystemI::createSoundInternal             : exinfo->fileuserdata       = 0000017BA9894C48
[LOG] SystemI::createSoundInternal             : exinfo->initialseekpostype = 1
[LOG] SystemI::DSPCodecPoolRegister            : register codec pool for pool type 5
[LOG] SystemI::createSoundInternal             : Sample 0/1: name='Mission success 00 Variation', format=5, channels=1, frequency=48000, lengthbytes=24416, lengthpcm=142942, pcmblocksize=0, loopstart=0, loopend=0, mode=0x00000000, channelmask=0x00000000, channelorder=0, peakvolume=0.978882.
[LOG] Manager::readBank                        : fileversion = 135, compatVersion = 132 (oldest = 44, newest = 135)
[LOG] Manager::readBank                        : fileversion = 135, compatVersion = 132 (oldest = 44, newest = 135)
[LOG] SystemI::createSound                     : filename = Assets/StreamingAssets/Desktop/Master.bank : mode 02010082
[LOG] SystemI::createSound                     : FMOD_NONBLOCKING specified.  Putting into queue to be opened asynchronously!
[LOG] SystemI::createSound                     : setdata soundi = 0000017BA314AD38 : node = 0000017C0E3901F0
[LOG] SystemI::createSound                     : add node to async list : head = 0000017C5F8F99C8.  list count = 0
[LOG] SystemI::createSound                     : filename = Assets/StreamingAssets/Desktop/Master.bank : mode 02010082
[LOG] AsyncThread::threadFunc                  : Starting Asynchronous operation on sound 0000017BA314AD38
[LOG] SystemI::createSound                     : FMOD_NONBLOCKING specified.  Putting into queue to be opened asynchronously!
[LOG] SystemI::createSoundInternal             :     Create name='Assets/StreamingAssets/Desktop/Master.bank', mode=0x02010082
[LOG] SystemI::createSound                     :     setdata soundi = 0000017C19DC7DA8 : node = 0000017C0E391730
[LOG] SystemI::createSoundInternal             :     exinfo->cbsize             = 224
[LOG] SystemI::createSound                     :     add node to async list : head = 0000017C5F8F99C8.  list count = 0
[LOG] SystemI::createSoundInternal             :     exinfo->length             = 7437600
[LOG] SystemI::createSoundInternal             :     exinfo->fileoffset         = 29888
[LOG] SystemI::createSound                     :     filename = Assets/StreamingAssets/Desktop/Master.bank : mode 02010082
[LOG] SystemI::createSoundInternal             :     exinfo->numsubsounds       = 1
[LOG] SystemI::createSound                     :     FMOD_NONBLOCKING specified.  Putting into queue to be opened asynchronously!
[LOG] SystemI::createSoundInternal             :     exinfo->inclusionlist      = 0000017C0E390300
[LOG] SystemI::createSound                     :     setdata soundi = 0000017C19DC8108 : node = 0000017C0E3906F0
[LOG] SystemI::createSoundInternal             :     exinfo->inclusionlistnum   = 1
[LOG] SystemI::createSound                     :     add node to async list : head = 0000017C5F8F99C8.  list count = 1
[LOG] SystemI::createSoundInternal             :     exinfo->suggestedsoundtype = 5
[LOG] SystemI::createSoundInternal             :     exinfo->initialseekpostype = 1
[LOG] SystemI::createSoundInternal             :     Stream 0/1: name='Cred - Ambience Menue Vocal', format=5, channels=2, frequency=48000, lengthbytes=256896, lengthpcm=2307134, pcmblocksize=0, loopstart=0, loopend=0, mode=0x00000000, channelmask=0x00000000, channelorder=0, peakvolume=0.049744.
[LOG] AsyncThread::threadFunc                  : Finished Asynchronous operation on sound 0000017BA314AD38
[LOG] AsyncThread::threadFunc                  : Starting Asynchronous operation on sound 0000017C19DC7DA8
[LOG] SystemI::createSoundInternal             :     Create name='Assets/StreamingAssets/Desktop/Master.bank', mode=0x02010082
[LOG] SystemI::createSoundInternal             :     exinfo->cbsize             = 224
[LOG] SystemI::createSoundInternal             :     exinfo->length             = 7437600
[LOG] SystemI::createSoundInternal             :     exinfo->fileoffset         = 29888
[LOG] SystemI::createSoundInternal             :     exinfo->numsubsounds       = 1
[LOG] SystemI::createSoundInternal             :     exinfo->inclusionlist      = 0000017C0E391840
[LOG] SystemI::createSoundInternal             :     exinfo->inclusionlistnum   = 1
[LOG] SystemI::createSoundInternal             :     exinfo->suggestedsoundtype = 5
[LOG] SystemI::createSoundInternal             :     exinfo->initialseekpostype = 1
[LOG] SystemI::createSoundInternal             :     Stream 0/1: name='Meny Ambience Loop (Only Melody 3)', format=5, channels=1, frequency=48000, lengthbytes=178880, lengthpcm=1994648, pcmblocksize=0, loopstart=0, loopend=0, mode=0x00000000, channelmask=0x00000000, channelorder=0, peakvolume=0.128578.
[LOG] AsyncThread::threadFunc                  : Finished Asynchronous operation on sound 0000017C19DC7DA8
[LOG] AsyncThread::threadFunc                  : Starting Asynchronous operation on sound 0000017C19DC8108
[LOG] SystemI::createSoundInternal             :     Create name='Assets/StreamingAssets/Desktop/Master.bank', mode=0x02010082
[LOG] SystemI::createSoundInternal             :     exinfo->cbsize             = 224
[LOG] SystemI::createSoundInternal             :     exinfo->length             = 7437600
[LOG] SystemI::createSoundInternal             :     exinfo->fileoffset         = 29888
[LOG] SystemI::createSoundInternal             :     exinfo->numsubsounds       = 1
[LOG] SystemI::createSoundInternal             :     exinfo->inclusionlist      = 0000017C0E390800
[LOG] SystemI::createSoundInternal             :     exinfo->inclusionlistnum   = 1
[LOG] SystemI::createSoundInternal             :     exinfo->suggestedsoundtype = 5
[LOG] SystemI::createSoundInternal             :     exinfo->initialseekpostype = 1
[LOG] SystemI::createSoundInternal             :     Stream 0/1: name='Cred - Ambience Menue', format=5, channels=2, frequency=48000, lengthbytes=588256, lengthpcm=2307134, pcmblocksize=0, loopstart=0, loopend=0, mode=0x00000000, channelmask=0x00000000, channelorder=0, peakvolume=0.904114.
[LOG] AsyncThread::threadFunc                  : Finished Asynchronous operation on sound 0000017C19DC8108
[LOG] SystemI::createSound                     : filename = Assets/StreamingAssets/Desktop/Master.bank : mode 02010082
[LOG] SystemI::createSound                     : FMOD_NONBLOCKING specified.  Putting into queue to be opened asynchronously!
[LOG] SystemI::createSound                     : setdata soundi = 0000017BA6F201A8 : node = 0000017C0E5A8890
[LOG] SystemI::createSound                     : add node to async list : head = 0000017C5F8F99C8.  list count = 0
[LOG] SystemI::createSound                     : filename = Assets/StreamingAssets/Desktop/Master.bank : mode 02010082
[LOG] AsyncThread::threadFunc                  : Starting Asynchronous operation on sound 0000017BA6F201A8
[LOG] SystemI::createSound                     : FMOD_NONBLOCKING specified.  Putting into queue to be opened asynchronously!
[LOG] SystemI::createSoundInternal             :     Create name='Assets/StreamingAssets/Desktop/Master.bank', mode=0x02010082
[LOG] SystemI::createSound                     :     setdata soundi = 0000017BA6F1F788 : node = 0000017C0E5A89D0
[LOG] SystemI::createSoundInternal             :     exinfo->cbsize             = 224
[LOG] SystemI::createSound                     :     add node to async list : head = 0000017C5F8F99C8.  list count = 0
[LOG] SystemI::createSoundInternal             :     exinfo->length             = 7437600
[LOG] SystemI::createSoundInternal             :     exinfo->fileoffset         = 29888
[LOG] SystemI::createSoundInternal             :     exinfo->numsubsounds       = 1
[LOG] SystemI::createSoundInternal             :     exinfo->inclusionlist      = 0000017C0E5A89A0
[LOG] SystemI::createSoundInternal             :     exinfo->inclusionlistnum   = 1
[LOG] SystemI::createSoundInternal             :     exinfo->suggestedsoundtype = 5
[LOG] SystemI::createSoundInternal             :     exinfo->initialseekpostype = 1
[LOG] SystemI::createSoundInternal             :     Stream 0/1: name='Main Soundtrack Cred Vibe - Melody', format=5, channels=2, frequency=48000, lengthbytes=1827072, lengthpcm=7372800, pcmblocksize=0, loopstart=0, loopend=0, mode=0x00000000, channelmask=0x00000000, channelorder=0, peakvolume=0.331688.
[LOG] AsyncThread::threadFunc                  : Finished Asynchronous operation on sound 0000017BA6F201A8
[LOG] AsyncThread::threadFunc                  : Starting Asynchronous operation on sound 0000017BA6F1F788
[LOG] SystemI::createSoundInternal             :     Create name='Assets/StreamingAssets/Desktop/Master.bank', mode=0x02010082
[LOG] SystemI::createSoundInternal             :     exinfo->cbsize             = 224
[LOG] SystemI::createSoundInternal             :     exinfo->length             = 7437600
[LOG] SystemI::createSoundInternal             :     exinfo->fileoffset         = 29888
[LOG] SystemI::createSoundInternal             :     exinfo->numsubsounds       = 1
[LOG] SystemI::createSoundInternal             :     exinfo->inclusionlist      = 0000017C0E5A8AE0
[LOG] SystemI::createSoundInternal             :     exinfo->inclusionlistnum   = 1
[LOG] SystemI::createSoundInternal             :     exinfo->suggestedsoundtype = 5
[LOG] SystemI::createSoundInternal             :     exinfo->initialseekpostype = 1
[LOG] SystemI::createSoundInternal             :     Stream 0/1: name='Main Soundtrack Cred Vibe - Bass', format=5, channels=2, frequency=48000, lengthbytes=1275104, lengthpcm=7372800, pcmblocksize=0, loopstart=0, loopend=0, mode=0x00000000, channelmask=0x00000000, channelorder=0, peakvolume=0.341997.
[LOG] AsyncThread::threadFunc                  : Finished Asynchronous operation on sound 0000017BA6F1F788
[LOG] Manager::readBank                        : fileversion = 135, compatVersion = 132 (oldest = 44, newest = 135)
[LOG] SoundI::release                          : Main Soundtrack Cred Vibe - Bass (0000017C19114428)
[LOG] SoundI::release                          :     Main Soundtrack Cred Vibe - Bass (0000017BA2C95088)
[LOG] SoundI::release                          :     Main Soundtrack Cred Vibe - Bass (0000017C19DC7898)
[LOG] SoundI::release                          : Main Soundtrack Cred Vibe - Melody (0000017C191136A8)
[LOG] SoundI::release                          :     Main Soundtrack Cred Vibe - Melody (0000017BA2C93688)
[LOG] SoundI::release                          :     Main Soundtrack Cred Vibe - Melody (0000017C19DC76E8)
[LOG] SoundI::release                          : Main Soundtrack Cred Vibe - Drms (0000017C64161AC8)
[LOG] SoundI::release                          :     Main Soundtrack Cred Vibe - Drms (0000017BA2C94EE8)
[LOG] SoundI::release                          :     Main Soundtrack Cred Vibe - Drms (0000017C19112418)
[LOG] SoundI::release                          : Cred - Ambience Menue (0000017C19DC8108)
[LOG] SoundI::release                          :     Cred - Ambience Menue (0000017BA8F527F8)
[LOG] SoundI::release                          :     Cred - Ambience Menue (0000017C191100A8)
[LOG] SoundI::release                          : Meny Ambience Loop (Only Melody 3) (0000017C19DC7DA8)
[LOG] SoundI::release                          :     Meny Ambience Loop (Only Melody 3) (0000017BA8F512D8)
[LOG] SoundI::release                          :     Meny Ambience Loop (Only Melody 3) (0000017C19116438)
[LOG] SoundI::release                          : Cred - Ambience Menue Vocal (0000017BA314AD38)
[LOG] SoundI::release                          :     Cred - Ambience Menue Vocal (0000017BA8F53358)
[LOG] SoundI::release                          :     Cred - Ambience Menue Vocal (0000017C19112778)
[LOG] Manager::readBank                        : fileversion = 135, compatVersion = 132 (oldest = 44, newest = 135)
[LOG] Manager::readBank                        : fileversion = 135, compatVersion = 132 (oldest = 44, newest = 135)
[LOG] Manager::readBank                        : fileversion = 135, compatVersion = 132 (oldest = 44, newest = 135)
[LOG] Manager::readBank                        : fileversion = 135, compatVersion = 132 (oldest = 44, newest = 135)
[LOG] SoundI::release                          : Main Soundtrack Cred Vibe - Bass (0000017BA6F1F788)
[LOG] SoundI::release                          :     Main Soundtrack Cred Vibe - Bass (0000017BA8F534F8)
[LOG] SoundI::release                          :     Main Soundtrack Cred Vibe - Bass (0000017C63BEA478)
[LOG] SoundI::release                          : Main Soundtrack Cred Vibe - Melody (0000017BA6F201A8)
[LOG] SoundI::release                          :     Main Soundtrack Cred Vibe - Melody (0000017BA8F51FD8)
[LOG] SoundI::release                          :     Main Soundtrack Cred Vibe - Melody (0000017C63BEA2C8)
[LOG] SoundI::release                          :  (0000017C34736308)
[LOG] SoundI::release                          :     Mission success 00 Variation (0000017BA8F53838)
[LOG] SoundI::release                          :  (0000017C34735D48)
[LOG] SoundI::release                          :     Mission success 00 (0000017BA8F517B8)
[LOG] SoundI::release                          :  (0000017BA26FEFC8)
[LOG] SoundI::release                          :     Button Sound Short Variation Medium (0000017BA8F52658)
[LOG] SoundI::release                          :  (0000017BA774D368)
[LOG] SoundI::release                          :     Button Sound 01 (0000017BA8F52B38)
[LOG] SoundI::release                          :  (0000017BA774D1F8)
[LOG] SoundI::release                          :     Button Sound 02 (0000017BA8F51618)
[LOG] SoundI::release                          :  (0000017BA774CC38)
[LOG] SoundI::release                          :     Button Sound 03 (0000017BA8F524B8)
[LOG] SoundI::release                          :  (0000017BA774CDA8)
[LOG] SoundI::release                          :     Button Sound 04 (0000017BA8F51138)
[LOG] Thread::callback                         : FMOD Studio update thread finished.
[LOG] Thread::callback                         : FMOD Studio bank load thread finished.
[LOG] Profile::disconnectAll                   : Profiler disconnecting all clients
[LOG] Thread::callback                         : FMOD Studio sample load thread finished.
[LOG] LiveUpdate::release                      : 
[LOG] LiveUpdate::reset                        : Reset connection (reason Disconnected)
[LOG] Thread::callback                         : FMOD stream thread finished.
[LOG] Thread::callback                         : FMOD mixer thread finished.
[LOG] Profile::disconnectAll                   : Profiler disconnecting all clients
[LOG] SystemI::close                           : Closed.
[LOG] Manager::readBank                        : fileversion = 135, compatVersion = 132 (oldest = 44, newest = 135)
[LOG] Manager::readBank                        : fileversion = 135, compatVersion = 132 (oldest = 44, newest = 135)
[LOG] Manager::readBank                        : fileversion = 135, compatVersion = 132 (oldest = 44, newest = 135)
[LOG] Manager::readBank                        : fileversion = 135, compatVersion = 132 (oldest = 44, newest = 135)
[LOG] Manager::readBank                        : fileversion = 135, compatVersion = 132 (oldest = 44, newest = 135)
[LOG] Manager::readBank                        : fileversion = 135, compatVersion = 132 (oldest = 44, newest = 135)
[LOG] PlaybackSystem::acquireMasterBus         : Setting master channel group format to 6
[LOG] Thread::callback                         : FMOD Studio bank load thread finished.
[LOG] Thread::callback                         : FMOD Studio sample load thread finished.
[LOG] LiveUpdate::release                      : 
[LOG] LiveUpdate::reset                        : Reset connection (reason Disconnected)
[LOG] Thread::callback                         : FMOD stream thread finished.
[LOG] Thread::callback                         : FMOD mixer thread finished.
[LOG] SystemI::close                           : Closed.
[LOG] Thread::callback                         : FMOD nonblocking thread (0) finished.
[LOG] Thread::callback                         : FMOD file thread finished.
